[debug] [2024-09-30T03:21:02.250Z] ----------------------------------------------------------------------
[debug] [2024-09-30T03:21:02.253Z] Command:       /home/na/.nvm/versions/node/v22.5.1/bin/node /home/na/.nvm/versions/node/v22.5.1/bin/firebase init
[debug] [2024-09-30T03:21:02.253Z] CLI Version:   13.20.1
[debug] [2024-09-30T03:21:02.253Z] Platform:      linux
[debug] [2024-09-30T03:21:02.253Z] Node Version:  v22.5.1
[debug] [2024-09-30T03:21:02.254Z] Time:          Mon Sep 30 2024 10:21:02 GMT+0700 (Indochina Time)
[debug] [2024-09-30T03:21:02.254Z] ----------------------------------------------------------------------
[debug] 
[debug] [2024-09-30T03:21:02.259Z] > command requires scopes: ["email","openid","https://www.googleapis.com/auth/cloudplatformprojects.readonly","https://www.googleapis.com/auth/firebase","https://www.googleapis.com/auth/cloud-platform"]
[debug] [2024-09-30T03:21:02.259Z] > authorizing via signed-in user (lecongnhatanh@gmail.com)
[info] 
     ######## #### ########  ######## ########     ###     ######  ########
     ##        ##  ##     ## ##       ##     ##  ##   ##  ##       ##
     ######    ##  ########  ######   ########  #########  ######  ######
     ##        ##  ##    ##  ##       ##     ## ##     ##       ## ##
     ##       #### ##     ## ######## ########  ##     ##  ######  ########

You're about to initialize a Firebase project in this directory:

  /home/na/Documents/TheWatchers/frontend

[info] 
=== Project Setup
[info] 
[info] First, let's associate this project directory with a Firebase project.
[info] You can create multiple project aliases by running firebase use --add, 
[info] but for now we'll just set up a default project.
[info] 
[info] i  If you want to create a project in a Google Cloud organization or folder, please use "firebase projects:create" instead, and return to this command when you've created the project. 
[debug] [2024-09-30T03:21:54.984Z] Checked if tokens are valid: true, expires at: 1727669966229
[debug] [2024-09-30T03:21:54.984Z] Checked if tokens are valid: true, expires at: 1727669966229
[debug] [2024-09-30T03:21:54.986Z] >>> [apiv2][query] POST https://cloudresourcemanager.googleapis.com/v1/projects [none]
[debug] [2024-09-30T03:21:54.986Z] >>> [apiv2][body] POST https://cloudresourcemanager.googleapis.com/v1/projects {"projectId":"exe2","name":"thewatcher"}
[debug] [2024-09-30T03:21:56.258Z] <<< [apiv2][status] POST https://cloudresourcemanager.googleapis.com/v1/projects 400
[debug] [2024-09-30T03:21:56.258Z] <<< [apiv2][body] POST https://cloudresourcemanager.googleapis.com/v1/projects {"error":{"code":400,"message":"field [project_id] has issue [project_id must be at least 6 characters long]","status":"INVALID_ARGUMENT","details":[{"@type":"type.googleapis.com/google.rpc.BadRequest","fieldViolations":[{"field":"project_id","description":"project_id must be at least 6 characters long"}]},{"@type":"type.googleapis.com/google.rpc.Help","links":[{"url":"https://cloud.google.com/resource-manager/reference/rest/v1/projects"}]}]}}
[debug] [2024-09-30T03:21:56.604Z] FirebaseError: HTTP Error: 400, field [project_id] has issue [project_id must be at least 6 characters long]
    at responseToError (/home/na/.nvm/versions/node/v22.5.1/lib/node_modules/firebase-tools/lib/responseToError.js:49:12)
    at RetryOperation._fn (/home/na/.nvm/versions/node/v22.5.1/lib/node_modules/firebase-tools/lib/apiv2.js:312:77)
    at process.processTicksAndRejections (node:internal/process/task_queues:95:5)
[error] 
[error] Error: Failed to create project. See firebase-debug.log for more info.
